Mongoose connected to mongodb://localhost/meanAuth
Mongoose connected to mongodb://localhost/meanAuth
Mongoose disconnected
Mongoose disconnected through Heroku app termination
Mongoose disconnected
Mongoose disconnected through Heroku app termination
Mongoose connected to mongodb://localhost/meanAuth
Mongoose disconnected
Mongoose disconnected through Heroku app termination
Mongoose connected to mongodb://localhost/meanAuth
req.body.device_id
0
[0mPOST /api/read [32m200 [0m21.456 ms - 1[0m
req.body.device_id
0
[0mPOST /api/read [32m200 [0m2.642 ms - 1[0m
[0mGET /api/read [32m- [0m- ms - -[0m
[0mGET /api/read [32m- [0m- ms - -[0m
[0mGET /api/read [32m- [0m- ms - -[0m
[0mGET /api/read [32m- [0m- ms - -[0m
[0mGET /api/read [32m- [0m- ms - -[0m
[0mGET /api/read [32m- [0m- ms - -[0m
[0mGET /api/read [32m- [0m- ms - -[0m
[0mGET /api/read [32m- [0m- ms - -[0m
[0mGET /api/read [32m- [0m- ms - -[0m
[0mGET /api/read [32m- [0m- ms - -[0m
[0mGET /api/read [32m- [0m- ms - -[0m
[0mGET /api/read [32m- [0m- ms - -[0m
[0mGET /api/read [32m- [0m- ms - -[0m
[0mGET /api/read [32m- [0m- ms - -[0m
[0mGET /api/read [32m- [0m- ms - -[0m
[0mGET /api/read [32m- [0m- ms - -[0m
[0mGET /api/read [32m- [0m- ms - -[0m
[0mGET /api/read [32m- [0m- ms - -[0m
[0mGET /api/read [32m- [0m- ms - -[0m
[0mGET /api/read [32m- [0m- ms - -[0m
[0mGET /api/read [32m- [0m- ms - -[0m
[0mGET /api/read [32m- [0m- ms - -[0m
[0mGET /api/read [32m- [0m- ms - -[0m
[0mGET /api/read [32m- [0m- ms - -[0m
[0mGET /api/read [32m- [0m- ms - -[0m
[0mPOST /api/read/58a30b110fe837738d8641be [32m- [0m- ms - -[0m
Mongoose disconnected
Mongoose disconnected through Heroku app termination
Mongoose connected to mongodb://localhost/meanAuth
req.body.device_id
0
[0mGET /api/read/58a30b110fe837738d8641be?=&device_id=58a30b110fe837738d8641be [32m200 [0m13.786 ms - 1[0m
req.body.device_id
0
[0mGET /api/read/58a30b110fe837738d8641be?=&device_id=58a30b110fe837738d8641be [32m200 [0m2.872 ms - 1[0m
req.body.device_id
0
[0mGET /api/read/58a30b110fe837738d8641be [32m200 [0m1.763 ms - 1[0m
req.body.device_id
0
[0mGET /api/read/58a30b110fe837738d8641be [32m200 [0m1.893 ms - 1[0m
req.body.device_id
0
[0mGET /api/read/58a30b110fe837738d8641be [32m200 [0m1.669 ms - 1[0m
req.body.device_id
0
[0mGET /api/read/58a30b110fe837738d8641be [32m200 [0m1.505 ms - 1[0m
req.body.device_id
0
[0mGET /api/read/58a30b110fe837738d8641be [32m200 [0m1.730 ms - 1[0m
req.body.device_id
0
[0mGET /api/read/58a30b110fe837738d8641be [32m200 [0m1.649 ms - 1[0m
req.body.device_id
0
[0mGET /api/read/58a30b110fe837738d8641be [32m200 [0m1.746 ms - 1[0m
req.body.device_id
0
[0mGET /api/read/58a30b110fe837738d8641be [32m200 [0m1.499 ms - 1[0m
req.body.device_id
0
[0mGET /api/read/58a30b110fe837738d8641be [32m200 [0m1.509 ms - 1[0m
req.body.device_id
0
[0mGET /api/read/58a30b110fe837738d8641be [32m200 [0m1.679 ms - 1[0m
req.body.device_id
0
[0mGET /api/read/58a30b110fe837738d8641be [32m200 [0m1.564 ms - 1[0m
req.body.device_id
0
[0mGET /api/read/58a30b110fe837738d8641be [32m200 [0m1.640 ms - 1[0m
req.body.device_id
0
[0mGET /api/read/58a30b110fe837738d8641be [32m200 [0m3.212 ms - 1[0m
req.body.device_id
0
[0mGET /api/read/58a30b110fe837738d8641be [32m200 [0m1.788 ms - 1[0m
req.body.device_id
0
[0mGET /api/read/58a30b110fe837738d8641be [32m200 [0m1.595 ms - 1[0m
req.body.device_id
0
[0mGET /api/read/58a30b110fe837738d8641be [32m200 [0m1.659 ms - 1[0m
req.body.device_id
0
[0mGET /api/read/58a30b110fe837738d8641be [32m200 [0m2.576 ms - 1[0m
req.body.device_id
0
[0mGET /api/read/58a30b110fe837738d8641be [32m200 [0m1.717 ms - 1[0m
req.body.device_id
0
[0mGET /api/read/58a30b110fe837738d8641be [32m200 [0m2.559 ms - 1[0m
req.body.device_id
0
[0mGET /api/read/58a30b110fe837738d8641be [32m200 [0m2.916 ms - 1[0m
req.body.device_id
0
[0mGET /api/read/58a30b110fe837738d8641be [32m200 [0m1.637 ms - 1[0m
req.body.device_id
0
[0mGET /api/read/58a30b110fe837738d8641be [32m200 [0m1.703 ms - 1[0m
req.body.device_id
0
[0mGET /api/read/58a30b110fe837738d8641be [32m200 [0m1.619 ms - 1[0m
req.body.device_id
0
[0mGET /api/read/58a30b110fe837738d8641be [32m200 [0m1.455 ms - 1[0m
req.body.device_id
0
[0mGET /api/read/58a30b110fe837738d8641be [32m200 [0m2.740 ms - 1[0m
req.body.device_id
0
[0mGET /api/read/58a30b110fe837738d8641be [32m200 [0m1.713 ms - 1[0m
req.body.device_id
0
[0mGET /api/read/58a30b110fe837738d8641be [32m200 [0m1.799 ms - 1[0m
req.body.device_id
0
[0mGET /api/read/58a30b110fe837738d8641be [32m200 [0m1.665 ms - 1[0m
req.body.device_id
0
[0mGET /api/read/58a30b110fe837738d8641be [32m200 [0m2.348 ms - 1[0m
req.body.device_id
0
[0mGET /api/read/58a30b110fe837738d8641be [32m200 [0m1.591 ms - 1[0m
req.body.device_id
0
[0mGET /api/read/58a30b110fe837738d8641be [32m200 [0m1.924 ms - 1[0m
req.body.device_id
0
[0mGET /api/read/58a30b110fe837738d8641be [32m200 [0m1.794 ms - 1[0m
req.body.device_id
0
[0mGET /api/read/58a30b110fe837738d8641be [32m200 [0m1.453 ms - 1[0m
req.body.device_id
0
[0mGET /api/read/58a30b110fe837738d8641be [32m200 [0m1.945 ms - 1[0m
req.body.device_id
0
[0mGET /api/read/58a30b110fe837738d8641be [32m200 [0m1.485 ms - 1[0m
req.body.device_id
0
[0mGET /api/read/58a30b110fe837738d8641be [32m200 [0m1.669 ms - 1[0m
req.body.device_id
0
[0mGET /api/read/58a30b110fe837738d8641be [32m200 [0m1.655 ms - 1[0m
req.body.device_id
0
[0mGET /api/read/58a30b110fe837738d8641be [32m200 [0m2.305 ms - 1[0m
req.body.device_id
0
[0mGET /api/read/58a30b110fe837738d8641be [32m200 [0m1.549 ms - 1[0m
req.body.device_id
0
[0mGET /api/read/58a30b110fe837738d8641be [32m200 [0m1.913 ms - 1[0m
req.body.device_id
0
[0mGET /api/read/58a30b110fe837738d8641be [32m200 [0m2.873 ms - 1[0m
req.body.device_id
0
[0mGET /api/read/58a30b110fe837738d8641be [32m200 [0m2.593 ms - 1[0m
req.body.device_id
0
[0mGET /api/read/58a30b110fe837738d8641be [32m200 [0m1.778 ms - 1[0m
req.body.device_id
0
[0mGET /api/read/58a30b110fe837738d8641be [32m200 [0m1.823 ms - 1[0m
req.body.device_id
0
[0mGET /api/read/58a30b110fe837738d8641be [32m200 [0m1.900 ms - 1[0m
req.body.device_id
0
[0mGET /api/read/58a30b110fe837738d8641be [32m200 [0m1.634 ms - 1[0m
req.body.device_id
0
[0mGET /api/read/58a30b110fe837738d8641be [32m200 [0m1.821 ms - 1[0m
req.body.device_id
0
[0mGET /api/read/58a30b110fe837738d8641be [32m200 [0m1.990 ms - 1[0m
req.body.device_id
0
[0mGET /api/read/58a30b110fe837738d8641be [32m200 [0m1.456 ms - 1[0m
req.body.device_id
0
[0mGET /api/read/58a30b110fe837738d8641be [32m200 [0m1.534 ms - 1[0m
req.body.device_id
0
[0mGET /api/read/58a30b110fe837738d8641be [32m200 [0m2.636 ms - 1[0m
req.body.device_id
0
[0mGET /api/read/58a30b110fe837738d8641be [32m200 [0m1.751 ms - 1[0m
req.body.device_id
0
[0mGET /api/read/58a30b110fe837738d8641be [32m200 [0m1.722 ms - 1[0m
req.body.device_id
0
[0mGET /api/read/58a30b110fe837738d8641be [32m200 [0m1.590 ms - 1[0m
req.body.device_id
0
[0mGET /api/read/58a30b110fe837738d8641be [32m200 [0m1.777 ms - 1[0m
req.body.device_id
0
[0mGET /api/read/58a30b110fe837738d8641be [32m200 [0m1.621 ms - 1[0m
req.body.device_id
0
[0mGET /api/read/58a30b110fe837738d8641be [32m200 [0m1.717 ms - 1[0m
req.body.device_id
0
[0mGET /api/read/58a30b110fe837738d8641be [32m200 [0m1.480 ms - 1[0m
req.body.device_id
0
[0mGET /api/read/58a30b110fe837738d8641be [32m200 [0m1.628 ms - 1[0m
req.body.device_id
0
[0mGET /api/read/58a30b110fe837738d8641be [32m200 [0m1.864 ms - 1[0m
req.body.device_id
0
[0mGET /api/read/58a30b110fe837738d8641be [32m200 [0m2.611 ms - 1[0m
req.body.device_id
0
[0mGET /api/read/58a30b110fe837738d8641be [32m200 [0m2.418 ms - 1[0m
req.body.device_id
0
[0mGET /api/read/58a30b110fe837738d8641be [32m200 [0m1.779 ms - 1[0m
req.body.device_id
0
[0mGET /api/read/58a30b110fe837738d8641be [32m200 [0m4.753 ms - 1[0m
req.body.device_id
0
[0mGET /api/read/58a30b110fe837738d8641be [32m200 [0m1.644 ms - 1[0m
0
No user found undefined

events.js:72
        throw er; // Unhandled 'error' event
              ^
TypeError: Not a buffer
    at pbkdf2 (crypto.js:570:20)
    at Object.exports.pbkdf2Sync (crypto.js:561:10)
    at model.userSchema.methods.setPassword (/home/ubuntu/code/vw/models/users.js:33:22)
    at /home/ubuntu/code/vw/controllers/authentication.js:38:11
    at Query.<anonymous> (/home/ubuntu/code/vw/node_modules/mongoose/lib/model.js:3419:16)
    at /home/ubuntu/code/vw/node_modules/mongoose/node_modules/kareem/index.js:264:21
    at /home/ubuntu/code/vw/node_modules/mongoose/node_modules/kareem/index.js:127:16
    at process._tickCallback (node.js:415:13)
Mongoose connected to mongodb://localhost/meanAuth
req.body.device_id
0
[0mGET /api/read/58a30b110fe837738d8641be?=&device_id=58a30b110fe837738d8641be [32m200 [0m13.697 ms - 1[0m
{ ok: 1, nModified: 1, n: 1 }
[0mPOST /api/write/ [32m200 [0m31.297 ms - 29[0m
req.body.device_id
1
[0mGET /api/read/58a30b110fe837738d8641be?data=1&device_id=58a30b110fe837738d8641be [32m200 [0m2.593 ms - 1[0m
{ ok: 1, nModified: 1, n: 1 }
[0mPOST /api/write [32m200 [0m7.535 ms - 29[0m
req.body.device_id
0
[0mGET /api/read/58a30b110fe837738d8641be?data=0&device_id=58a30b110fe837738d8641be [32m200 [0m2.245 ms - 1[0m
req.body.device_id
0
[0mGET /api/read/58a30b110fe837738d8641be?data=0&device_id=58a30b110fe837738d8641be [32m200 [0m1.572 ms - 1[0m
req.body.device_id
0
[0mGET /api/read/58a30b110fe837738d8641be?data=0&device_id=58a30b110fe837738d8641be [32m200 [0m1.784 ms - 1[0m
req.body.device_id
0
[0mGET /api/read/58a30b110fe837738d8641be [32m200 [0m1.799 ms - 1[0m
req.body.device_id
0
[0mGET /api/read/58a30b110fe837738d8641be [32m200 [0m1.918 ms - 1[0m
{ ok: 1, nModified: 1, n: 1 }
[0mPOST /api/write [32m200 [0m9.166 ms - 29[0m
req.body.device_id
1
[0mGET /api/read/58a30b110fe837738d8641be [32m200 [0m1.686 ms - 1[0m
req.body.device_id
1
[0mGET /api/read/58a30b110fe837738d8641be [32m200 [0m1.957 ms - 1[0m
{ ok: 1, nModified: 1, n: 1 }
[0mPOST /api/write [32m200 [0m5.872 ms - 29[0m
req.body.device_id
0
[0mGET /api/read/58a30b110fe837738d8641be [32m200 [0m2.190 ms - 1[0m
req.body.device_id
0
[0mGET /api/read/58a30b110fe837738d8641be [32m200 [0m6.746 ms - 1[0m
{ ok: 1, nModified: 1, n: 1 }
[0mPOST /api/write [32m200 [0m6.331 ms - 29[0m
req.body.device_id
1
[0mGET /api/read/58a30b110fe837738d8641be [32m200 [0m1.754 ms - 1[0m
req.body.device_id
1
[0mGET /api/read/58a30b110fe837738d8641be [32m200 [0m1.964 ms - 1[0m
req.body.device_id
1
[0mGET /api/read/58a30b110fe837738d8641be [32m200 [0m2.117 ms - 1[0m
req.body.device_id
1
[0mGET /api/read/58a30b110fe837738d8641be [32m200 [0m2.314 ms - 1[0m
req.body.device_id
1
[0mGET /api/read/58a30b110fe837738d8641be [32m200 [0m2.000 ms - 1[0m
{ ok: 1, nModified: 0, n: 1 }
[0mPOST /api/write [32m200 [0m6.961 ms - 29[0m
{ ok: 1, nModified: 0, n: 1 }
[0mPOST /api/write [32m200 [0m12.449 ms - 29[0m
req.body.device_id
1
[0mGET /api/read/58a30b110fe837738d8641be [32m200 [0m2.466 ms - 1[0m
[0mGET /favicon.ico [32m- [0m- ms - -[0m
req.body.device_id
1
[0mGET /api/read/58a30b110fe837738d8641be [36m304 [0m2.294 ms - -[0m
req.body.device_id
1
[0mGET /api/read/58a30b110fe837738d8641be [36m304 [0m1.691 ms - -[0m
[0mGET /favicon.ico [32m- [0m- ms - -[0m
req.body.device_id
1
[0mGET /api/read/58a30b110fe837738d8641be [36m304 [0m1.427 ms - -[0m
[0mGET /favicon.ico [32m- [0m- ms - -[0m
[0mGET /favicon.ico [32m- [0m- ms - -[0m
req.body.device_id
1
[0mGET /api/read/58a30b110fe837738d8641be [32m200 [0m1.423 ms - 1[0m
req.body.device_id
1
[0mGET /api/read/58a30b110fe837738d8641be [32m200 [0m2.441 ms - 1[0m
req.body.device_id
1
[0mGET /api/read/58a30b110fe837738d8641be [32m200 [0m1.674 ms - 1[0m
req.body.device_id
1
[0mGET /api/read/58a30b110fe837738d8641be [32m200 [0m1.600 ms - 1[0m
req.body.device_id
1
[0mGET /api/read/58a30b110fe837738d8641be [32m200 [0m1.790 ms - 1[0m
req.body.device_id
1
[0mGET /api/read/58a30b110fe837738d8641be [32m200 [0m1.628 ms - 1[0m
req.body.device_id
1
[0mGET /api/read/58a30b110fe837738d8641be [32m200 [0m1.459 ms - 1[0m
req.body.device_id
1
[0mGET /api/read/58a30b110fe837738d8641be [32m200 [0m1.527 ms - 1[0m
req.body.device_id
1
[0mGET /api/read/58a30b110fe837738d8641be [32m200 [0m1.401 ms - 1[0m
req.body.device_id
1
[0mGET /api/read/58a30b110fe837738d8641be [32m200 [0m1.443 ms - 1[0m
req.body.device_id
1
[0mGET /api/read/58a30b110fe837738d8641be [32m200 [0m1.419 ms - 1[0m
req.body.device_id
1
[0mGET /api/read/58a30b110fe837738d8641be [32m200 [0m1.413 ms - 1[0m
req.body.device_id
1
[0mGET /api/read/58a30b110fe837738d8641be [32m200 [0m1.580 ms - 1[0m
req.body.device_id
1
[0mGET /api/read/58a30b110fe837738d8641be [32m200 [0m1.386 ms - 1[0m
req.body.device_id
1
[0mGET /api/read/58a30b110fe837738d8641be [32m200 [0m1.300 ms - 1[0m
req.body.device_id
1
[0mGET /api/read/58a30b110fe837738d8641be [32m200 [0m1.453 ms - 1[0m
0
No user found undefined

events.js:72
        throw er; // Unhandled 'error' event
              ^
TypeError: Not a buffer
    at pbkdf2 (crypto.js:570:20)
    at Object.exports.pbkdf2Sync (crypto.js:561:10)
    at model.userSchema.methods.setPassword (/home/ubuntu/code/vw/models/users.js:33:22)
    at /home/ubuntu/code/vw/controllers/authentication.js:38:11
    at Query.<anonymous> (/home/ubuntu/code/vw/node_modules/mongoose/lib/model.js:3419:16)
    at /home/ubuntu/code/vw/node_modules/mongoose/node_modules/kareem/index.js:264:21
    at /home/ubuntu/code/vw/node_modules/mongoose/node_modules/kareem/index.js:127:16
    at process._tickCallback (node.js:415:13)

module.js:340
    throw err;
          ^
Error: Cannot find module '/home/ubuntu/code/vw/.bin/www'
    at Function.Module._resolveFilename (module.js:338:15)
    at Function.Module._load (module.js:280:25)
    at Function.Module.runMain (module.js:497:10)
    at startup (node.js:119:16)
    at node.js:902:3
Mongoose connected to mongodb://localhost/meanAuth
58a5224b86cb8805b66bfe02
0
state 0
[0mPOST /api/showDevice [32m200 [0m25.158 ms - 60[0m
0
No user found undefined

events.js:72
        throw er; // Unhandled 'error' event
              ^
TypeError: Not a buffer
    at pbkdf2 (crypto.js:570:20)
    at Object.exports.pbkdf2Sync (crypto.js:561:10)
    at model.userSchema.methods.setPassword (/home/ubuntu/code/vw/models/users.js:33:22)
    at /home/ubuntu/code/vw/controllers/authentication.js:38:11
    at Query.<anonymous> (/home/ubuntu/code/vw/node_modules/mongoose/lib/model.js:3419:16)
    at /home/ubuntu/code/vw/node_modules/mongoose/node_modules/kareem/index.js:264:21
    at /home/ubuntu/code/vw/node_modules/mongoose/node_modules/kareem/index.js:127:16
    at process._tickCallback (node.js:415:13)
Mongoose connected to mongodb://localhost/meanAuth
0
No user found nohup@gmail.com
Mongoose: mpromise (mongoose's default promise library) is deprecated, plug in your own promise library instead: http://mongoosejs.com/docs/promises.html
saving
Here
58a5244828b3b905df099379
nohup@gmail.com
[0mPOST /api/register [32m200 [0m33.915 ms - 235[0m
[0mPOST /api/login [33m400 [0m1.368 ms - 33[0m
Shubham Shukla
Here
58a30a7dccf34b737f6a8b44
[0mPOST /api/login [32m200 [0m7.008 ms - 261[0m
58a5224b86cb8805b66bfe02
0
state 0
[0mPOST /api/showDevice [32m200 [0m3.496 ms - 60[0m
[0mPOST /api/showDevice [32m- [0m- ms - -[0m
58a5224b86cb8805b66bfe02
0
state 0
[0mPOST /api/showDevice [32m200 [0m2.865 ms - 60[0m
[0mPOST /api/showDevice [32m- [0m- ms - -[0m
58a5224b86cb8805b66bfe02
0
state 0
[0mPOST /api/showDevice [32m200 [0m2.820 ms - 60[0m
[0mPOST /api/addDevice [32m200 [0m10.358 ms - 32[0m
58a5224b86cb8805b66bfe02
58a30b110fe837738d8641be
0
state 0
1
state 1
[0mPOST /api/showDevice [32m200 [0m6.595 ms - 117[0m
[0mGET / [32m- [0m- ms - -[0m
[0mOPTIONS / [32m- [0m- ms - -[0m
[0mGET /nice%20ports%2C/Tri%6Eity.txt%2ebak [32m- [0m- ms - -[0m
req.body.device_id
1
[0mGET /api/read/58a30b110fe837738d8641be [32m200 [0m3.417 ms - 1[0m
req.body.device_id
1
[0mGET /api/read/58a30b110fe837738d8641be [32m200 [0m2.009 ms - 1[0m
req.body.device_id
1
[0mGET /api/read/58a30b110fe837738d8641be [32m200 [0m2.735 ms - 1[0m
